X:\Visual Studio\MSBuild\Microsoft\VC\v160\Microsoft.CppBuild.targets(437,5): warning MSB8004: Intermediate Directory does not end with a trailing slash.  This build instance will add the slash as it is required to allow proper evaluation of the Intermediate Directory.
X:\Visual Studio\MSBuild\Microsoft\VC\v160\Microsoft.CppBuild.targets(438,5): warning MSB8004: Output Directory does not end with a trailing slash.  This build instance will add the slash as it is required to allow proper evaluation of the Output Directory.
tetrissfml.obj : error LNK2019: unresolved external symbol __imp__GetAsyncKeyState@4 referenced in function _main
sfml-window-s-d.lib(VideoModeImpl.cpp.obj) : error LNK2019: unresolved external symbol __imp__EnumDisplaySettingsW@12 referenced in function "public: static class std::vector<class sf::VideoMode,class std::allocator<class sf::VideoMode> > __cdecl sf::priv::VideoModeImpl::getFullscreenModes(void)" (?getFullscreenModes@VideoModeImpl@priv@sf@@SA?AV?$vector@VVideoMode@sf@@V?$allocator@VVideoMode@sf@@@std@@@std@@XZ)
sfml-window-s-d.lib(CursorImpl.cpp.obj) : error LNK2019: unresolved external symbol __imp__GetDC@4 referenced in function "public: bool __thiscall sf::priv::CursorImpl::loadFromPixels(unsigned char const *,class sf::Vector2<unsigned int>,class sf::Vector2<unsigned int>)" (?loadFromPixels@CursorImpl@priv@sf@@QAE_NPBEV?$Vector2@I@3@1@Z)
sfml-window-s-d.lib(WglContext.cpp.obj) : error LNK2001: unresolved external symbol __imp__GetDC@4
sfml-window-s-d.lib(WindowImplWin32.cpp.obj) : error LNK2001: unresolved external symbol __imp__GetDC@4
sfml-window-s-d.lib(CursorImpl.cpp.obj) : error LNK2019: unresolved external symbol __imp__ReleaseDC@8 referenced in function "public: bool __thiscall sf::priv::CursorImpl::loadFromPixels(unsigned char const *,class sf::Vector2<unsigned int>,class sf::Vector2<unsigned int>)" (?loadFromPixels@CursorImpl@priv@sf@@QAE_NPBEV?$Vector2@I@3@1@Z)
sfml-window-s-d.lib(WglContext.cpp.obj) : error LNK2001: unresolved external symbol __imp__ReleaseDC@8
sfml-window-s-d.lib(WindowImplWin32.cpp.obj) : error LNK2001: unresolved external symbol __imp__ReleaseDC@8
sfml-window-s-d.lib(CursorImpl.cpp.obj) : error LNK2019: unresolved external symbol __imp__LoadCursorW@8 referenced in function "public: bool __thiscall sf::priv::CursorImpl::loadFromSystem(enum sf::Cursor::Type)" (?loadFromSystem@CursorImpl@priv@sf@@QAE_NW4Type@Cursor@3@@Z)
sfml-window-s-d.lib(WindowImplWin32.cpp.obj) : error LNK2001: unresolved external symbol __imp__LoadCursorW@8
sfml-window-s-d.lib(CursorImpl.cpp.obj) : error LNK2019: unresolved external symbol __imp__DestroyCursor@4 referenced in function "private: void __thiscall sf::priv::CursorImpl::release(void)" (?release@CursorImpl@priv@sf@@AAEXXZ)
sfml-window-s-d.lib(CursorImpl.cpp.obj) : error LNK2019: unresolved external symbol __imp__CreateIconIndirect@4 referenced in function "public: bool __thiscall sf::priv::CursorImpl::loadFromPixels(unsigned char const *,class sf::Vector2<unsigned int>,class sf::Vector2<unsigned int>)" (?loadFromPixels@CursorImpl@priv@sf@@QAE_NPBEV?$Vector2@I@3@1@Z)
sfml-window-s-d.lib(CursorImpl.cpp.obj) : error LNK2019: unresolved external symbol __imp__CopyIcon@4 referenced in function "public: bool __thiscall sf::priv::CursorImpl::loadFromSystem(enum sf::Cursor::Type)" (?loadFromSystem@CursorImpl@priv@sf@@QAE_NW4Type@Cursor@3@@Z)
sfml-window-s-d.lib(WglContext.cpp.obj) : error LNK2019: unresolved external symbol __imp__CreateWindowExA@48 referenced in function "private: void __thiscall sf::priv::WglContext::createSurface(class sf::priv::WglContext *,unsigned int,unsigned int,unsigned int)" (?createSurface@WglContext@priv@sf@@AAEXPAV123@III@Z)
sfml-window-s-d.lib(WglContext.cpp.obj) : error LNK2019: unresolved external symbol __imp__DestroyWindow@4 referenced in function "public: virtual __thiscall sf::priv::WglContext::~WglContext(void)" (??1WglContext@priv@sf@@UAE@XZ)
sfml-window-s-d.lib(WindowImplWin32.cpp.obj) : error LNK2001: unresolved external symbol __imp__DestroyWindow@4
sfml-window-s-d.lib(WglContext.cpp.obj) : error LNK2019: unresolved external symbol __imp__ShowWindow@8 referenced in function "private: void __thiscall sf::priv::WglContext::createSurface(class sf::priv::WglContext *,unsigned int,unsigned int,unsigned int)" (?createSurface@WglContext@priv@sf@@AAEXPAV123@III@Z)
sfml-window-s-d.lib(WindowImplWin32.cpp.obj) : error LNK2001: unresolved external symbol __imp__ShowWindow@8
sfml-window-s-d.lib(WindowImplWin32.cpp.obj) : error LNK2019: unresolved external symbol __imp__TrackMouseEvent@4 referenced in function "private: void __thiscall sf::priv::WindowImplWin32::setTracking(bool)" (?setTracking@WindowImplWin32@priv@sf@@AAEX_N@Z)
sfml-window-s-d.lib(WindowImplWin32.cpp.obj) : error LNK2019: unresolved external symbol __imp__TranslateMessage@4 referenced in function "protected: virtual void __thiscall sf::priv::WindowImplWin32::processEvents(void)" (?processEvents@WindowImplWin32@priv@sf@@MAEXXZ)
sfml-window-s-d.lib(WindowImplWin32.cpp.obj) : error LNK2019: unresolved external symbol __imp__DispatchMessageW@4 referenced in function "protected: virtual void __thiscall sf::priv::WindowImplWin32::processEvents(void)" (?processEvents@WindowImplWin32@priv@sf@@MAEXXZ)
sfml-window-s-d.lib(WindowImplWin32.cpp.obj) : error LNK2019: unresolved external symbol __imp__PeekMessageW@20 referenced in function "protected: virtual void __thiscall sf::priv::WindowImplWin32::processEvents(void)" (?processEvents@WindowImplWin32@priv@sf@@MAEXXZ)
sfml-window-s-d.lib(WindowImplWin32.cpp.obj) : error LNK2019: unresolved external symbol __imp__SendMessageW@16 referenced in function "public: virtual void __thiscall sf::priv::WindowImplWin32::setIcon(unsigned int,unsigned int,unsigned char const *)" (?setIcon@WindowImplWin32@priv@sf@@UAEXIIPBE@Z)
sfml-window-s-d.lib(WindowImplWin32.cpp.obj) : error LNK2019: unresolved external symbol __imp__RegisterDeviceNotificationW@12 referenced in function "public: __thiscall sf::priv::WindowImplWin32::WindowImplWin32(class sf::VideoMode,class sf::String const &,unsigned int,struct sf::ContextSettings const &)" (??0WindowImplWin32@priv@sf@@QAE@VVideoMode@2@ABVString@2@IABUContextSettings@2@@Z)
sfml-window-s-d.lib(WindowImplWin32.cpp.obj) : error LNK2019: unresolved external symbol __imp__DefWindowProcW@16 referenced in function "private: static long __stdcall sf::priv::WindowImplWin32::globalOnEvent(struct HWND__ *,unsigned int,unsigned int,long)" (?globalOnEvent@WindowImplWin32@priv@sf@@CGJPAUHWND__@@IIJ@Z)
sfml-window-s-d.lib(WindowImplWin32.cpp.obj) : error LNK2019: unresolved external symbol __imp__CallWindowProcW@20 referenced in function "private: static long __stdcall sf::priv::WindowImplWin32::globalOnEvent(struct HWND__ *,unsigned int,unsigned int,long)" (?globalOnEvent@WindowImplWin32@priv@sf@@CGJPAUHWND__@@IIJ@Z)
sfml-window-s-d.lib(WindowImplWin32.cpp.obj) : error LNK2019: unresolved external symbol __imp__RegisterClassW@4 referenced in function "private: void __thiscall sf::priv::WindowImplWin32::registerWindowClass(void)" (?registerWindowClass@WindowImplWin32@priv@sf@@AAEXXZ)
sfml-window-s-d.lib(WindowImplWin32.cpp.obj) : error LNK2019: unresolved external symbol __imp__UnregisterClassW@8 referenced in function "public: virtual __thiscall sf::priv::WindowImplWin32::~WindowImplWin32(void)" (??1WindowImplWin32@priv@sf@@UAE@XZ)
sfml-window-s-d.lib(WindowImplWin32.cpp.obj) : error LNK2019: unresolved external symbol __imp__CreateWindowExW@48 referenced in function "public: __thiscall sf::priv::WindowImplWin32::WindowImplWin32(class sf::VideoMode,class sf::String const &,unsigned int,struct sf::ContextSettings const &)" (??0WindowImplWin32@priv@sf@@QAE@VVideoMode@2@ABVString@2@IABUContextSettings@2@@Z)
sfml-window-s-d.lib(WindowImplWin32.cpp.obj) : error LNK2019: unresolved external symbol __imp__FlashWindowEx@4 referenced in function "public: virtual void __thiscall sf::priv::WindowImplWin32::requestFocus(void)" (?requestFocus@WindowImplWin32@priv@sf@@UAEXXZ)
sfml-window-s-d.lib(WindowImplWin32.cpp.obj) : error LNK2019: unresolved external symbol __imp__SetWindowPos@28 referenced in function "public: virtual void __thiscall sf::priv::WindowImplWin32::setPosition(class sf::Vector2<int> const &)" (?setPosition@WindowImplWin32@priv@sf@@UAEXABV?$Vector2@H@3@@Z)
sfml-window-s-d.lib(WindowImplWin32.cpp.obj) : error LNK2019: unresolved external symbol __imp__GetKeyState@4 referenced in function "private: void __thiscall sf::priv::WindowImplWin32::processEvent(unsigned int,unsigned int,long)" (?processEvent@WindowImplWin32@priv@sf@@AAEXIIJ@Z)
sfml-window-s-d.lib(WindowImplWin32.cpp.obj) : error LNK2019: unresolved external symbol __imp__MapVirtualKeyW@8 referenced in function "private: static enum sf::Keyboard::Key __cdecl sf::priv::WindowImplWin32::virtualKeyCodeToSF(unsigned int,long)" (?virtualKeyCodeToSF@WindowImplWin32@priv@sf@@CA?AW4Key@Keyboard@3@IJ@Z)
sfml-window-s-d.lib(WindowImplWin32.cpp.obj) : error LNK2019: unresolved external symbol __imp__GetCapture@0 referenced in function "private: void __thiscall sf::priv::WindowImplWin32::processEvent(unsigned int,unsigned int,long)" (?processEvent@WindowImplWin32@priv@sf@@AAEXIIJ@Z)
sfml-window-s-d.lib(WindowImplWin32.cpp.obj) : error LNK2019: unresolved external symbol __imp__SetCapture@4 referenced in function "private: void __thiscall sf::priv::WindowImplWin32::processEvent(unsigned int,unsigned int,long)" (?processEvent@WindowImplWin32@priv@sf@@AAEXIIJ@Z)
sfml-window-s-d.lib(WindowImplWin32.cpp.obj) : error LNK2019: unresolved external symbol __imp__ReleaseCapture@0 referenced in function "private: void __thiscall sf::priv::WindowImplWin32::cleanup(void)" (?cleanup@WindowImplWin32@priv@sf@@AAEXXZ)
sfml-window-s-d.lib(WindowImplWin32.cpp.obj) : error LNK2019: unresolved external symbol __imp__GetForegroundWindow@0 referenced in function "public: virtual void __thiscall sf::priv::WindowImplWin32::requestFocus(void)" (?requestFocus@WindowImplWin32@priv@sf@@UAEXXZ)
sfml-window-s-d.lib(WindowImplWin32.cpp.obj) : error LNK2019: unresolved external symbol __imp__SetForegroundWindow@4 referenced in function "public: virtual void __thiscall sf::priv::WindowImplWin32::requestFocus(void)" (?requestFocus@WindowImplWin32@priv@sf@@UAEXXZ)
sfml-window-s-d.lib(WindowImplWin32.cpp.obj) : error LNK2019: unresolved external symbol __imp__SetWindowTextW@8 referenced in function "public: virtual void __thiscall sf::priv::WindowImplWin32::setTitle(class sf::String const &)" (?setTitle@WindowImplWin32@priv@sf@@UAEXABVString@3@@Z)
sfml-window-s-d.lib(WindowImplWin32.cpp.obj) : error LNK2019: unresolved external symbol __imp__GetClientRect@8 referenced in function "public: virtual class sf::Vector2<unsigned int> __thiscall sf::priv::WindowImplWin32::getSize(void)const " (?getSize@WindowImplWin32@priv@sf@@UBE?AV?$Vector2@I@3@XZ)
sfml-window-s-d.lib(WindowImplWin32.cpp.obj) : error LNK2019: unresolved external symbol __imp__GetWindowRect@8 referenced in function "public: virtual class sf::Vector2<int> __thiscall sf::priv::WindowImplWin32::getPosition(void)const " (?getPosition@WindowImplWin32@priv@sf@@UBE?AV?$Vector2@H@3@XZ)
sfml-window-s-d.lib(WindowImplWin32.cpp.obj) : error LNK2019: unresolved external symbol __imp__AdjustWindowRect@12 referenced in function "public: __thiscall sf::priv::WindowImplWin32::WindowImplWin32(class sf::VideoMode,class sf::String const &,unsigned int,struct sf::ContextSettings const &)" (??0WindowImplWin32@priv@sf@@QAE@VVideoMode@2@ABVString@2@IABUContextSettings@2@@Z)
sfml-window-s-d.lib(WindowImplWin32.cpp.obj) : error LNK2019: unresolved external symbol __imp__ShowCursor@4 referenced in function "public: virtual void __thiscall sf::priv::WindowImplWin32::setMouseCursorVisible(bool)" (?setMouseCursorVisible@WindowImplWin32@priv@sf@@UAEX_N@Z)
sfml-window-s-d.lib(WindowImplWin32.cpp.obj) : error LNK2019: unresolved external symbol __imp__SetCursor@4 referenced in function "public: virtual void __thiscall sf::priv::WindowImplWin32::setMouseCursor(class sf::priv::CursorImpl const &)" (?setMouseCursor@WindowImplWin32@priv@sf@@UAEXABVCursorImpl@23@@Z)
sfml-window-s-d.lib(WindowImplWin32.cpp.obj) : error LNK2019: unresolved external symbol __imp__ScreenToClient@8 referenced in function "private: void __thiscall sf::priv::WindowImplWin32::processEvent(unsigned int,unsigned int,long)" (?processEvent@WindowImplWin32@priv@sf@@AAEXIIJ@Z)
sfml-window-s-d.lib(WindowImplWin32.cpp.obj) : error LNK2019: unresolved external symbol __imp__MapWindowPoints@16 referenced in function "private: void __thiscall sf::priv::WindowImplWin32::grabCursor(bool)" (?grabCursor@WindowImplWin32@priv@sf@@AAEX_N@Z)
sfml-window-s-d.lib(WindowImplWin32.cpp.obj) : error LNK2019: unresolved external symbol __imp__ClipCursor@4 referenced in function "private: void __thiscall sf::priv::WindowImplWin32::grabCursor(bool)" (?grabCursor@WindowImplWin32@priv@sf@@AAEX_N@Z)
sfml-window-s-d.lib(WindowImplWin32.cpp.obj) : error LNK2019: unresolved external symbol __imp__GetWindowLongW@8 referenced in function "public: virtual void __thiscall sf::priv::WindowImplWin32::setSize(class sf::Vector2<unsigned int> const &)" (?setSize@WindowImplWin32@priv@sf@@UAEXABV?$Vector2@I@3@@Z)
sfml-window-s-d.lib(WindowImplWin32.cpp.obj) : error LNK2019: unresolved external symbol __imp__SetWindowLongW@12 referenced in function "public: __thiscall sf::priv::WindowImplWin32::WindowImplWin32(struct HWND__ *)" (??0WindowImplWin32@priv@sf@@QAE@PAUHWND__@@@Z)
sfml-window-s-d.lib(WindowImplWin32.cpp.obj) : error LNK2019: unresolved external symbol __imp__GetWindowThreadProcessId@8 referenced in function "public: virtual void __thiscall sf::priv::WindowImplWin32::requestFocus(void)" (?requestFocus@WindowImplWin32@priv@sf@@UAEXXZ)
sfml-window-s-d.lib(WindowImplWin32.cpp.obj) : error LNK2019: unresolved external symbol __imp__CreateIcon@28 referenced in function "public: virtual void __thiscall sf::priv::WindowImplWin32::setIcon(unsigned int,unsigned int,unsigned char const *)" (?setIcon@WindowImplWin32@priv@sf@@UAEXIIPBE@Z)
sfml-window-s-d.lib(WindowImplWin32.cpp.obj) : error LNK2019: unresolved external symbol __imp__DestroyIcon@4 referenced in function "public: virtual __thiscall sf::priv::WindowImplWin32::~WindowImplWin32(void)" (??1WindowImplWin32@priv@sf@@UAE@XZ)
sfml-window-s-d.lib(WindowImplWin32.cpp.obj) : error LNK2019: unresolved external symbol __imp__ChangeDisplaySettingsW@8 referenced in function "private: void __thiscall sf::priv::WindowImplWin32::switchToFullscreen(class sf::VideoMode const &)" (?switchToFullscreen@WindowImplWin32@priv@sf@@AAEXABVVideoMode@3@@Z)
sfml-window-s-d.lib(JoystickImpl.cpp.obj) : error LNK2019: unresolved external symbol __imp__RegCloseKey@4 referenced in function "class sf::String __cdecl `anonymous namespace'::getDeviceName(unsigned int,struct tagJOYCAPSW)" (?getDeviceName@?A0x5a78c5fe@@YA?AVString@sf@@IUtagJOYCAPSW@@@Z)
sfml-window-s-d.lib(JoystickImpl.cpp.obj) : error LNK2019: unresolved external symbol __imp__RegOpenKeyExW@20 referenced in function "class sf::String __cdecl `anonymous namespace'::getDeviceName(unsigned int,struct tagJOYCAPSW)" (?getDeviceName@?A0x5a78c5fe@@YA?AVString@sf@@IUtagJOYCAPSW@@@Z)
sfml-window-s-d.lib(JoystickImpl.cpp.obj) : error LNK2019: unresolved external symbol __imp__RegQueryValueExW@24 referenced in function "class sf::String __cdecl `anonymous namespace'::getDeviceName(unsigned int,struct tagJOYCAPSW)" (?getDeviceName@?A0x5a78c5fe@@YA?AVString@sf@@IUtagJOYCAPSW@@@Z)
X:\dev\tetrissfml\Tetris\bin\Win32\Debug\tetrissfml.exe : fatal error LNK1120: 49 unresolved externals
